<?xml version="1.0" encoding="UTF-8"?>
<!-- Generated by org.testng.reporters.JUnitReportReporter -->
<testsuite hostname="DESKTOP-VTNF391" failures="0" tests="1" name="com.crm.createCampaigns.DeleteCampaignTest" time="8.025" errors="0" timestamp="2023-01-30T16:58:39 IST" skipped="0">
  <testcase classname="com.crm.createCampaigns.DeleteCampaignTest" name="deleteCampaign" time="8.025"/>
  <system-out/>
</testsuite> <!-- com.crm.createCampaigns.DeleteCampaignTest -->
