<?xml version="1.0" encoding="UTF-8"?>
<!-- Generated by org.testng.reporters.JUnitReportReporter -->
<testsuite hostname="DESKTOP-FODCQ2C" failures="0" tests="1" name="com.crm.InventoryOrganisation.CreateEditDeleteOrganisationTest" time="19.594" errors="0" timestamp="2023-02-07T15:59:58 IST" skipped="0">
  <testcase classname="com.crm.InventoryOrganisation.CreateEditDeleteOrganisationTest" name="createEditDeleteOrganisationTest" time="19.594"/>
  <system-out>
    <![CDATA[Organisation is created
Organisation is edited successfully
Organisation is deleted successfully]]>
  </system-out>
</testsuite> <!-- com.crm.InventoryOrganisation.CreateEditDeleteOrganisationTest -->
