<?xml version="1.0" encoding="UTF-8"?>
<!-- Generated by org.testng.reporters.JUnitReportReporter -->
<testsuite hostname="DESKTOP-FODCQ2C" failures="0" tests="1" name="com.crm.organisation.CreateEditDeleteOrganisation" time="28.317" errors="0" timestamp="2023-02-07T15:59:58 IST" skipped="0">
  <testcase classname="com.crm.organisation.CreateEditDeleteOrganisation" name="createEditDeleteOrganisation" time="28.317"/>
  <system-out>
    <![CDATA[organisation is created
organisation name is successfully edited
Organisation is successfully deleted]]>
  </system-out>
</testsuite> <!-- com.crm.organisation.CreateEditDeleteOrganisation -->
