<?xml version="1.0" encoding="UTF-8"?>
<!-- Generated by org.testng.reporters.JUnitReportReporter -->
<testsuite hostname="DESKTOP-FODCQ2C" failures="0" tests="1" name="com.crm.InventoryProducts.CreateEditDeleteProducts" time="18.601" errors="0" timestamp="2023-02-02T23:04:10 IST" skipped="0">
  <testcase classname="com.crm.InventoryProducts.CreateEditDeleteProducts" name="createEditDeleteProducts" time="18.601"/>
  <system-out>
    <![CDATA[Product is successfully created
product is successfully edited
product is successfully deleted]]>
  </system-out>
</testsuite> <!-- com.crm.InventoryProducts.CreateEditDeleteProducts -->
