<?xml version="1.0" encoding="UTF-8"?>
<!-- Generated by org.testng.reporters.JUnitReportReporter -->
<testsuite hostname="DESKTOP-FODCQ2C" failures="0" tests="1" name="com.crm.SalesProduct.CreateEditDeleteProduct" time="17.571" errors="0" timestamp="2023-02-02T23:04:10 IST" skipped="0">
  <testcase classname="com.crm.SalesProduct.CreateEditDeleteProduct" name="createEditDeleteProduct" time="17.571"/>
  <system-out>
    <![CDATA[Product is created
Product is edited successfully
Product is deleted successfully]]>
  </system-out>
</testsuite> <!-- com.crm.SalesProduct.CreateEditDeleteProduct -->
