<?xml version="1.0" encoding="UTF-8"?>
<!-- Generated by org.testng.reporters.JUnitReportReporter -->
<testsuite hostname="DESKTOP-FODCQ2C" failures="0" tests="1" name="com.crm.contacts.CreateContactEditcontactDeleteContact" time="29.397" errors="0" timestamp="2023-02-07T15:59:58 IST" skipped="0">
  <testcase classname="com.crm.contacts.CreateContactEditcontactDeleteContact" name="createContact" time="29.397"/>
  <system-out>
    <![CDATA[contact is created
last name is edited
contact is deleted]]>
  </system-out>
</testsuite> <!-- com.crm.contacts.CreateContactEditcontactDeleteContact -->
