<?xml version="1.0" encoding="UTF-8"?>
<!-- Generated by org.testng.reporters.JUnitReportReporter -->
<testsuite hostname="DESKTOP-VTNF391" failures="0" tests="1" name="com.crm.createCampaigns.EditCampaignTest" time="12.514" errors="0" timestamp="2023-01-30T16:58:18 IST" skipped="0">
  <testcase classname="com.crm.createCampaigns.EditCampaignTest" name="editCampaign" time="12.514"/>
  <system-out/>
</testsuite> <!-- com.crm.createCampaigns.EditCampaignTest -->
